<?xml version="1.0" encoding="UTF-8"?>
<!-- Generated by org.testng.reporters.JUnitReportReporter -->
<testsuite hostname="Spunky" failures="0" tests="1" name="demo_API.Postman" time="6.720" errors="0" timestamp="29 May 2020 17:39:31 GMT" skipped="0">
  <testcase classname="demo_API.Postman" name="Testing" time="6.720"/>
</testsuite> <!-- demo_API.Postman -->
