<?xml version="1.0" encoding="UTF-8"?>
<!-- Generated by org.testng.reporters.JUnitReportReporter -->
<testsuite skipped="0" hostname="Spunky" name="demo_API.CrudOperation" tests="1" failures="0" timestamp="27 Jun 2020 15:06:55 GMT" time="9.631" errors="0">
  <testcase name="Testing" time="9.631" classname="demo_API.CrudOperation"/>
</testsuite> <!-- demo_API.CrudOperation -->
